INFO:     Will watch for changes in these directories: ['E:\\项目\\InfraCount']
INFO:     Uvicorn running on http://127.0.0.1:8000 (Press CTRL+C to quit)
INFO:     Started reloader process [30996] using WatchFiles
INFO:     Started server process [32772]
INFO:     Waiting for application startup.
INFO:     Application startup complete.
WARNING:  WatchFiles detected changes in 'api\main.py'. Reloading...
INFO:     Shutting down
INFO:     Waiting for application shutdown.
INFO:     Application shutdown complete.
INFO:     Finished server process [32772]
WARNING:  WatchFiles detected changes in 'api\main.py'. Reloading...
INFO:     Started server process [16140]
INFO:     Waiting for application startup.
INFO:     Application startup complete.
ERROR:    Traceback (most recent call last):
  File "E:\python310\lib\asyncio\runners.py", line 44, in run
    return loop.run_until_complete(main)
  File "E:\python310\lib\asyncio\base_events.py", line 628, in run_until_complete
    self.run_forever()
  File "E:\python310\lib\asyncio\base_events.py", line 595, in run_forever
    self._run_once()
  File "E:\python310\lib\asyncio\base_events.py", line 1881, in _run_once
    handle._run()
  File "E:\python310\lib\asyncio\events.py", line 80, in _run
    self._context.run(self._callback, *self._args)
  File "E:\项目\InfraCount\.venv\lib\site-packages\uvicorn\server.py", line 68, in serve
    with self.capture_signals():
  File "E:\python310\lib\contextlib.py", line 142, in __exit__
    next(self.gen)
  File "E:\项目\InfraCount\.venv\lib\site-packages\uvicorn\server.py", line 332, in capture_signals
    signal.raise_signal(captured_signal)
KeyboardInterrupt

During handling of the above exception, another exception occurred:

Traceback (most recent call last):
  File "E:\项目\InfraCount\.venv\lib\site-packages\starlette\routing.py", line 700, in lifespan
    await receive()
  File "E:\项目\InfraCount\.venv\lib\site-packages\uvicorn\lifespan\on.py", line 137, in receive
    return await self.receive_queue.get()
  File "E:\python310\lib\asyncio\queues.py", line 159, in get
    await getter
asyncio.exceptions.CancelledError

INFO:     Started server process [29536]
INFO:     Waiting for application startup.
INFO:     Application startup complete.
WARNING:  WatchFiles detected changes in 'api\main.py'. Reloading...
INFO:     Shutting down
INFO:     Waiting for application shutdown.
INFO:     Application shutdown complete.
INFO:     Finished server process [29536]
WARNING:  WatchFiles detected changes in 'api\main.py'. Reloading...
INFO:     Started server process [31516]
INFO:     Waiting for application startup.
INFO:     Application startup complete.
ERROR:    Traceback (most recent call last):
  File "E:\python310\lib\asyncio\runners.py", line 44, in run
    return loop.run_until_complete(main)
  File "E:\python310\lib\asyncio\base_events.py", line 628, in run_until_complete
    self.run_forever()
  File "E:\python310\lib\asyncio\base_events.py", line 595, in run_forever
    self._run_once()
  File "E:\python310\lib\asyncio\base_events.py", line 1881, in _run_once
    handle._run()
  File "E:\python310\lib\asyncio\events.py", line 80, in _run
    self._context.run(self._callback, *self._args)
  File "E:\项目\InfraCount\.venv\lib\site-packages\uvicorn\server.py", line 68, in serve
    with self.capture_signals():
  File "E:\python310\lib\contextlib.py", line 142, in __exit__
    next(self.gen)
  File "E:\项目\InfraCount\.venv\lib\site-packages\uvicorn\server.py", line 332, in capture_signals
    signal.raise_signal(captured_signal)
KeyboardInterrupt

During handling of the above exception, another exception occurred:

Traceback (most recent call last):
  File "E:\项目\InfraCount\.venv\lib\site-packages\starlette\routing.py", line 700, in lifespan
    await receive()
  File "E:\项目\InfraCount\.venv\lib\site-packages\uvicorn\lifespan\on.py", line 137, in receive
    return await self.receive_queue.get()
  File "E:\python310\lib\asyncio\queues.py", line 159, in get
    await getter
asyncio.exceptions.CancelledError

INFO:     Started server process [28780]
INFO:     Waiting for application startup.
INFO:     Application startup complete.
WARNING:  WatchFiles detected changes in 'api\main.py'. Reloading...
INFO:     Shutting down
INFO:     Waiting for application shutdown.
INFO:     Application shutdown complete.
INFO:     Finished server process [28780]
INFO:     Started server process [30764]
INFO:     Waiting for application startup.
INFO:     Application startup complete.
INFO:     Started server process [20136]
INFO:     Waiting for application startup.
INFO:     Application startup complete.
INFO:     Uvicorn running on http://0.0.0.0:8000 (Press CTRL+C to quit)
INFO:     Started server process [17592]
INFO:     Waiting for application startup.
INFO:     Application startup complete.
ERROR:    [Errno 10048] error while attempting to bind on address ('0.0.0.0', 8000): 通常每个套接字地址(协议/网络地址/端口)只允许使用一次。
INFO:     Waiting for application shutdown.
INFO:     Application shutdown complete.
INFO:     Started server process [40916]
INFO:     Waiting for application startup.
INFO:     Application startup complete.
INFO:     Uvicorn running on http://0.0.0.0:8000 (Press CTRL+C to quit)
INFO:     Started server process [34460]
INFO:     Waiting for application startup.
INFO:     Application startup complete.
INFO:     Uvicorn running on http://0.0.0.0:8000 (Press CTRL+C to quit)
INFO:     Started server process [37252]
INFO:     Waiting for application startup.
INFO:     Application startup complete.
INFO:     Uvicorn running on http://0.0.0.0:8000 (Press CTRL+C to quit)
INFO:     Started server process [43736]
INFO:     Waiting for application startup.
INFO:     Application startup complete.
INFO:     Uvicorn running on http://0.0.0.0:8000 (Press CTRL+C to quit)
INFO:     Started server process [11588]
INFO:     Waiting for application startup.
INFO:     Application startup complete.
INFO:     Uvicorn running on http://0.0.0.0:8000 (Press CTRL+C to quit)
INFO:     Started server process [37128]
INFO:     Waiting for application startup.
INFO:     Application startup complete.
INFO:     Uvicorn running on http://0.0.0.0:8000 (Press CTRL+C to quit)
INFO:     Started server process [27028]
INFO:     Waiting for application startup.
INFO:     Application startup complete.
INFO:     Uvicorn running on http://0.0.0.0:8000 (Press CTRL+C to quit)
INFO:     Started server process [37304]
INFO:     Waiting for application startup.
INFO:     Application startup complete.
INFO:     Uvicorn running on http://0.0.0.0:8000 (Press CTRL+C to quit)
INFO:     Started server process [40040]
INFO:     Waiting for application startup.
INFO:     Application startup complete.
INFO:     Uvicorn running on http://0.0.0.0:8000 (Press CTRL+C to quit)
Traceback (most recent call last):
  File "E:\python310\lib\runpy.py", line 196, in _run_module_as_main
    return _run_code(code, main_globals, None,
  File "E:\python310\lib\runpy.py", line 86, in _run_code
    exec(code, run_globals)
  File "E:\项目\InfraCount\.venv\lib\site-packages\uvicorn\__main__.py", line 4, in <module>
    uvicorn.main()
  File "E:\项目\InfraCount\.venv\lib\site-packages\click\core.py", line 1485, in __call__
    return self.main(*args, **kwargs)
  File "E:\项目\InfraCount\.venv\lib\site-packages\click\core.py", line 1406, in main
    rv = self.invoke(ctx)
  File "E:\项目\InfraCount\.venv\lib\site-packages\click\core.py", line 1269, in invoke
    return ctx.invoke(self.callback, **ctx.params)
  File "E:\项目\InfraCount\.venv\lib\site-packages\click\core.py", line 824, in invoke
    return callback(*args, **kwargs)
  File "E:\项目\InfraCount\.venv\lib\site-packages\uvicorn\main.py", line 412, in main
    run(
  File "E:\项目\InfraCount\.venv\lib\site-packages\uvicorn\main.py", line 579, in run
    server.run()
  File "E:\项目\InfraCount\.venv\lib\site-packages\uvicorn\server.py", line 65, in run
    return asyncio.run(self.serve(sockets=sockets))
  File "E:\python310\lib\asyncio\runners.py", line 44, in run
    return loop.run_until_complete(main)
  File "E:\python310\lib\asyncio\base_events.py", line 641, in run_until_complete
    return future.result()
  File "E:\项目\InfraCount\.venv\lib\site-packages\uvicorn\server.py", line 69, in serve
    await self._serve(sockets)
  File "E:\项目\InfraCount\.venv\lib\site-packages\uvicorn\server.py", line 76, in _serve
    config.load()
  File "E:\项目\InfraCount\.venv\lib\site-packages\uvicorn\config.py", line 434, in load
    self.loaded_app = import_from_string(self.app)
  File "E:\项目\InfraCount\.venv\lib\site-packages\uvicorn\importer.py", line 19, in import_from_string
    module = importlib.import_module(module_str)
  File "E:\python310\lib\importlib\__init__.py", line 126, in import_module
    return _bootstrap._gcd_import(name[level:], package, level)
  File "<frozen importlib._bootstrap>", line 1050, in _gcd_import
  File "<frozen importlib._bootstrap>", line 1027, in _find_and_load
  File "<frozen importlib._bootstrap>", line 1006, in _find_and_load_unlocked
  File "<frozen importlib._bootstrap>", line 688, in _load_unlocked
  File "<frozen importlib._bootstrap_external>", line 883, in exec_module
  File "<frozen importlib._bootstrap>", line 241, in _call_with_frames_removed
  File "E:\项目\InfraCount\api\main.py", line 11, in <module>
    from app.db import init_pool, close_pool, fetch_latest, fetch_history, list_devices as db_list_devices, stats_daily as db_stats_daily, stats_hourly as db_stats_hourly, stats_summary as db_stats_summary, stats_top as db_stats_top, stats_total as db_stats_total, admin_count_records, admin_list_records, admin_update_record, admin_delete_record, admin_create_record, list_alerts, admin_list_registry, admin_upsert_registry, admin_write_op, admin_delete_range, admin_get_categories, admin_get_uuids, get_device_mapping, admin_batch_upsert, admin_fetch_range, activity_bulk_insert, activity_list, activity_stats, activity_get_options
ImportError: cannot import name 'init_pool' from 'app.db' (E:\项目\InfraCount\app\db.py)
Traceback (most recent call last):
  File "E:\python310\lib\runpy.py", line 196, in _run_module_as_main
    return _run_code(code, main_globals, None,
  File "E:\python310\lib\runpy.py", line 86, in _run_code
    exec(code, run_globals)
  File "E:\项目\InfraCount\.venv\lib\site-packages\uvicorn\__main__.py", line 4, in <module>
    uvicorn.main()
  File "E:\项目\InfraCount\.venv\lib\site-packages\click\core.py", line 1485, in __call__
    return self.main(*args, **kwargs)
  File "E:\项目\InfraCount\.venv\lib\site-packages\click\core.py", line 1406, in main
    rv = self.invoke(ctx)
  File "E:\项目\InfraCount\.venv\lib\site-packages\click\core.py", line 1269, in invoke
    return ctx.invoke(self.callback, **ctx.params)
  File "E:\项目\InfraCount\.venv\lib\site-packages\click\core.py", line 824, in invoke
    return callback(*args, **kwargs)
  File "E:\项目\InfraCount\.venv\lib\site-packages\uvicorn\main.py", line 412, in main
    run(
  File "E:\项目\InfraCount\.venv\lib\site-packages\uvicorn\main.py", line 579, in run
    server.run()
  File "E:\项目\InfraCount\.venv\lib\site-packages\uvicorn\server.py", line 65, in run
    return asyncio.run(self.serve(sockets=sockets))
  File "E:\python310\lib\asyncio\runners.py", line 44, in run
    return loop.run_until_complete(main)
  File "E:\python310\lib\asyncio\base_events.py", line 641, in run_until_complete
    return future.result()
  File "E:\项目\InfraCount\.venv\lib\site-packages\uvicorn\server.py", line 69, in serve
    await self._serve(sockets)
  File "E:\项目\InfraCount\.venv\lib\site-packages\uvicorn\server.py", line 76, in _serve
    config.load()
  File "E:\项目\InfraCount\.venv\lib\site-packages\uvicorn\config.py", line 434, in load
    self.loaded_app = import_from_string(self.app)
  File "E:\项目\InfraCount\.venv\lib\site-packages\uvicorn\importer.py", line 19, in import_from_string
    module = importlib.import_module(module_str)
  File "E:\python310\lib\importlib\__init__.py", line 126, in import_module
    return _bootstrap._gcd_import(name[level:], package, level)
  File "<frozen importlib._bootstrap>", line 1050, in _gcd_import
  File "<frozen importlib._bootstrap>", line 1027, in _find_and_load
  File "<frozen importlib._bootstrap>", line 1006, in _find_and_load_unlocked
  File "<frozen importlib._bootstrap>", line 688, in _load_unlocked
  File "<frozen importlib._bootstrap_external>", line 883, in exec_module
  File "<frozen importlib._bootstrap>", line 241, in _call_with_frames_removed
  File "E:\项目\InfraCount\api\main.py", line 11, in <module>
    from app.db import init_pool, close_pool, fetch_latest, fetch_history, list_devices as db_list_devices, stats_daily as db_stats_daily, stats_hourly as db_stats_hourly, stats_summary as db_stats_summary, stats_top as db_stats_top, stats_total as db_stats_total, admin_count_records, admin_list_records, admin_update_record, admin_delete_record, admin_create_record, list_alerts, admin_list_registry, admin_upsert_registry, admin_write_op, admin_delete_range, admin_get_categories, admin_get_uuids, get_device_mapping, admin_batch_upsert, admin_fetch_range, activity_bulk_insert, activity_list, activity_stats, activity_get_options
ImportError: cannot import name 'init_pool' from 'app.db' (E:\项目\InfraCount\app\db.py)
INFO:     Started server process [34684]
INFO:     Waiting for application startup.
INFO:     Application startup complete.
INFO:     Uvicorn running on http://0.0.0.0:8000 (Press CTRL+C to quit)
INFO:     Started server process [35152]
INFO:     Waiting for application startup.
INFO:     Application startup complete.
INFO:     Uvicorn running on http://0.0.0.0:8000 (Press CTRL+C to quit)
INFO:     Started server process [13424]
INFO:     Waiting for application startup.
INFO:     Application startup complete.
INFO:     Uvicorn running on http://0.0.0.0:8000 (Press CTRL+C to quit)
INFO:     Started server process [33220]
INFO:     Waiting for application startup.
INFO:     Application startup complete.
INFO:     Uvicorn running on http://0.0.0.0:8000 (Press CTRL+C to quit)
INFO:     Started server process [35100]
INFO:     Waiting for application startup.
INFO:     Application startup complete.
INFO:     Uvicorn running on http://0.0.0.0:8000 (Press CTRL+C to quit)
INFO:     Started server process [36964]
INFO:     Waiting for application startup.
INFO:     Application startup complete.
INFO:     Uvicorn running on http://0.0.0.0:8000 (Press CTRL+C to quit)
INFO:     Started server process [36940]
INFO:     Waiting for application startup.
INFO:     Application startup complete.
INFO:     Uvicorn running on http://0.0.0.0:8000 (Press CTRL+C to quit)
INFO:     Started server process [36072]
INFO:     Waiting for application startup.
INFO:     Application startup complete.
INFO:     Uvicorn running on http://0.0.0.0:8000 (Press CTRL+C to quit)
INFO:     Started server process [12240]
INFO:     Waiting for application startup.
INFO:     Application startup complete.
INFO:     Uvicorn running on http://0.0.0.0:8000 (Press CTRL+C to quit)
INFO:     Started server process [37416]
INFO:     Waiting for application startup.
INFO:     Application startup complete.
INFO:     Uvicorn running on http://0.0.0.0:8000 (Press CTRL+C to quit)
